2021-09-03 14:59:40.1186|0|DEBUG|TP02.Program|init main 
2021-09-03 14:59:44.0747|0|INFO|Microsoft.Hosting.Lifetime|Application started. Press Ctrl+C to shut down. 
2021-09-03 14:59:44.1242|0|INFO|Microsoft.Hosting.Lifetime|Hosting environment: Development 
2021-09-03 14:59:44.1675|0|INFO|Microsoft.Hosting.Lifetime|Content root path: C:\Users\Mario\Desktop\Taller de Lenguaje II\Manejo de Log\tp022021-Mario1294\TP02\TP02 
2021-09-03 14:59:44.5317|0|INFO|TP02.Controllers.HomeController|Hello, this is the index! 
2021-09-03 15:04:41.5846|0|INFO|TP02.Controllers.HomeController|Hello, this is the index! 
2021-09-03 15:05:22.4147|0|DEBUG|TP02.Program|init main 
2021-09-03 15:05:26.1994|0|INFO|Microsoft.Hosting.Lifetime|Application started. Press Ctrl+C to shut down. 
2021-09-03 15:05:26.2378|0|INFO|Microsoft.Hosting.Lifetime|Hosting environment: Development 
2021-09-03 15:05:26.2805|0|INFO|Microsoft.Hosting.Lifetime|Content root path: C:\Users\Mario\Desktop\Taller de Lenguaje II\Manejo de Log\tp022021-Mario1294\TP02\TP02 
2021-09-03 15:05:26.5569|0|INFO|TP02.Controllers.HomeController|Hello, this is the index! 
2021-09-03 15:10:28.0505|0|DEBUG|TP02.Program|init main 
2021-09-03 15:10:32.5516|0|INFO|Microsoft.Hosting.Lifetime|Application started. Press Ctrl+C to shut down. 
2021-09-03 15:10:32.5818|0|INFO|Microsoft.Hosting.Lifetime|Hosting environment: Development 
2021-09-03 15:10:32.6167|0|INFO|Microsoft.Hosting.Lifetime|Content root path: C:\Users\Mario\Desktop\Taller de Lenguaje II\Manejo de Log\tp022021-Mario1294\TP02\TP02 
2021-09-03 15:10:32.9309|0|INFO|TP02.Controllers.HomeController|Hello, this is the index! 
2021-09-03 15:11:09.9911|0|INFO|TP02.Controllers.HomeController|Hello, this is the index! 
2021-09-03 15:11:11.1415|0|INFO|TP02.Controllers.HomeController|Hello, this is the index! 
2021-09-03 15:11:31.4021|0|DEBUG|TP02.Program|init main 
2021-09-03 15:11:35.6307|0|INFO|Microsoft.Hosting.Lifetime|Application started. Press Ctrl+C to shut down. 
2021-09-03 15:11:35.6585|0|INFO|Microsoft.Hosting.Lifetime|Hosting environment: Development 
2021-09-03 15:11:35.7108|0|INFO|Microsoft.Hosting.Lifetime|Content root path: C:\Users\Mario\Desktop\Taller de Lenguaje II\Manejo de Log\tp022021-Mario1294\TP02\TP02 
2021-09-03 15:11:36.0131|0|INFO|TP02.Controllers.HomeController|Hello, this is the index! 
2021-09-03 15:12:57.9527|0|DEBUG|TP02.Program|init main 
2021-09-03 15:13:02.6712|0|INFO|Microsoft.Hosting.Lifetime|Application started. Press Ctrl+C to shut down. 
2021-09-03 15:13:02.6964|0|INFO|Microsoft.Hosting.Lifetime|Hosting environment: Development 
2021-09-03 15:13:02.7354|0|INFO|Microsoft.Hosting.Lifetime|Content root path: C:\Users\Mario\Desktop\Taller de Lenguaje II\Manejo de Log\tp022021-Mario1294\TP02\TP02 
2021-09-03 15:13:03.0809|0|INFO|TP02.Controllers.HomeController|Hello, this is the index! 
2021-09-03 15:15:11.1818|0|DEBUG|TP02.Program|init main 
2021-09-03 15:15:15.6707|0|INFO|Microsoft.Hosting.Lifetime|Application started. Press Ctrl+C to shut down. 
2021-09-03 15:15:15.7077|0|INFO|Microsoft.Hosting.Lifetime|Hosting environment: Development 
2021-09-03 15:15:15.7415|0|INFO|Microsoft.Hosting.Lifetime|Content root path: C:\Users\Mario\Desktop\Taller de Lenguaje II\Manejo de Log\tp022021-Mario1294\TP02\TP02 
2021-09-03 15:15:16.0859|0|INFO|TP02.Controllers.HomeController|Hello, this is the index! 
2021-09-03 15:18:08.7711|0|INFO|TP02.Controllers.HomeController|Hello, this is the index! 
2021-09-03 15:18:09.8193|0|INFO|TP02.Controllers.HomeController|Hello, this is the index! 
2021-09-03 15:18:10.4538|0|INFO|TP02.Controllers.HomeController|Hello, this is the index! 
2021-09-03 15:18:27.8819|0|DEBUG|TP02.Program|init main 
2021-09-03 15:18:32.0767|0|INFO|Microsoft.Hosting.Lifetime|Application started. Press Ctrl+C to shut down. 
2021-09-03 15:18:32.1184|0|INFO|Microsoft.Hosting.Lifetime|Hosting environment: Development 
2021-09-03 15:18:32.1731|0|INFO|Microsoft.Hosting.Lifetime|Content root path: C:\Users\Mario\Desktop\Taller de Lenguaje II\Manejo de Log\tp022021-Mario1294\TP02\TP02 
2021-09-03 15:18:32.4594|0|INFO|TP02.Controllers.HomeController|Hello, this is the index! 
2021-09-03 15:19:16.4533|0|DEBUG|TP02.Program|init main 
2021-09-03 15:19:20.7311|0|INFO|Microsoft.Hosting.Lifetime|Application started. Press Ctrl+C to shut down. 
2021-09-03 15:19:20.7693|0|INFO|Microsoft.Hosting.Lifetime|Hosting environment: Development 
2021-09-03 15:19:20.8099|0|INFO|Microsoft.Hosting.Lifetime|Content root path: C:\Users\Mario\Desktop\Taller de Lenguaje II\Manejo de Log\tp022021-Mario1294\TP02\TP02 
2021-09-03 15:19:21.1434|0|INFO|TP02.Controllers.HomeController|Hello, this is the index! 
2021-09-03 15:21:58.2140|0|DEBUG|TP02.Program|init main 
2021-09-03 15:22:02.5067|0|INFO|Microsoft.Hosting.Lifetime|Application started. Press Ctrl+C to shut down. 
2021-09-03 15:22:02.5410|0|INFO|Microsoft.Hosting.Lifetime|Hosting environment: Development 
2021-09-03 15:22:02.5834|0|INFO|Microsoft.Hosting.Lifetime|Content root path: C:\Users\Mario\Desktop\Taller de Lenguaje II\Manejo de Log\tp022021-Mario1294\TP02\TP02 
2021-09-03 15:22:02.9198|0|INFO|TP02.Controllers.HomeController|Hello, this is the index! 
